xmverilog(64): 17.10-s001: (c) Copyright 1995-2017 Cadence Design Systems, Inc.
TOOL:	xmverilog	17.10-s001: Started on Apr 04, 2025 at 13:45:40 EDT
xmverilog
	../testbench/TopModule_tb.v
	+gui
	+access+r
	-timescale
	1ns/1ps
		Caching library 'worklib' ....... Done
	Elaborating the design hierarchy:
		Caching library 'worklib' ....... Done
	Building instance overlay tables: .................... Done
	Generating native compiled code:
		worklib.TopModule_tb:v <0x68603987>
			streams:   5, words:  8988
	Building instance specific data structures.
	Loading native compiled code:     .................... Done
	Design hierarchy summary:
		                 Instances  Unique
		Modules:                76       6
		Registers:             306      26
		Scalar wires:            5       -
		Vectored wires:        222       -
		Always blocks:          77       7
		Initial blocks:          1       1
		Cont. assignments:      75      77
		Pseudo assignments:      1       1
		Simulation timescale:  1ps
	Writing initial simulation snapshot: worklib.TopModule_tb:v

-------------------------------------
Relinquished control to SimVision...
xcelium> 
xcelium> source /apps/vlsi_2018/cadence/XCELIUM1710/tools/xcelium/files/xmsimrc
xcelium> database -open waves -into waves.shm -default
Created default SHM database waves
xcelium> probe -create -shm TopModule_tb.dut.clk TopModule_tb.dut.coeff_addr TopModule_tb.dut.coeff_in TopModule_tb.dut.coeff_write TopModule_tb.dut.counter TopModule_tb.dut.counter_next TopModule_tb.dut.data_in TopModule_tb.dut.data_out TopModule_tb.dut.data_out_valid TopModule_tb.dut.data_out_valid_next TopModule_tb.dut.filter_out TopModule_tb.dut.new_symbol TopModule_tb.dut.rst_n TopModule_tb.dut.sample_rate TopModule_tb.dut.upsampler_out
Created probe 1
xcelium> run
Simulation complete via $finish(1) at time 5365 NS + 0
../testbench/TopModule_tb.v:89 		$finish;
xcelium> ^C
xcelium> exit
TOOL:	xmverilog	17.10-s001: Exiting on Apr 04, 2025 at 13:48:58 EDT  (total: 00:03:18)
