Warning: Design 'AES' has '3' unresolved references. For more detailed information, use the "link" command. (UID-341)
 
****************************************
Report : area
Design : AES
Version: O-2018.06-SP1
Date   : Sun Mar 23 17:35:31 2025
****************************************

Library(s) Used:

    IBM_CMOS8HP_SS125 (File: /apps/design_kits/ibm_kits/IBM_IP/ibm_cmos8hp/std_cell/sc/v.20110613/synopsys/ss_125/IBM_CMOS8HP_SS125.db)

Number of ports:                          388
Number of nets:                          6604
Number of cells:                         3795
Number of combinational cells:           2242
Number of sequential cells:              1553
Number of macros/black boxes:               0
Number of buf/inv:                        689
Number of references:                      28

Combinational area:              39087.359294
Buf/Inv area:                    15492.479830
Noncombinational area:           48902.399002
Macro/Black Box area:                0.000000
Net Interconnect area:      undefined  (Wire load has zero net area)

Total cell area:                 87989.758296
Total area:                 undefined

Information: This design contains black box (unknown) components. (RPT-8)

Hierarchical area distribution
------------------------------

                                  Global cell area            Local cell area
                                  -------------------  ------------------------------ 
Hierarchical cell                 Absolute    Percent  Combi-      Noncombi-   Black-
                                  Total       Total    national    national    boxes   Design
--------------------------------  ----------  -------  ----------  ----------  ------  ---------
AES                               87989.7583    100.0  39087.3593  48902.3990  0.0000  AES
--------------------------------  ----------  -------  ----------  ----------  ------  ---------
Total                                                  39087.3593  48902.3990  0.0000

1
