 
****************************************
Report : area
Design : pipe_div
Version: O-2018.06-SP1
Date   : Fri Feb 28 18:03:01 2025
****************************************

Library(s) Used:

    IBM_CMOS8HP_SS125 (File: /apps/design_kits/ibm_kits/IBM_IP/ibm_cmos8hp/std_cell/sc/v.20110613/synopsys/ss_125/IBM_CMOS8HP_SS125.db)

Number of ports:                           78
Number of nets:                          1087
Number of cells:                          976
Number of combinational cells:            882
Number of sequential cells:                93
Number of macros/black boxes:               0
Number of buf/inv:                        562
Number of references:                      60

Combinational area:              10408.320137
Buf/Inv area:                     5301.120105
Noncombinational area:            4838.400063
Macro/Black Box area:                0.000000
Net Interconnect area:      undefined  (Wire load has zero net area)

Total cell area:                 15246.720200
Total area:                 undefined

Hierarchical area distribution
------------------------------

                                  Global cell area            Local cell area
                                  -------------------  ----------------------------- 
Hierarchical cell                 Absolute    Percent  Combi-      Noncombi-  Black-
                                  Total       Total    national    national   boxes   Design
--------------------------------  ----------  -------  ----------  ---------  ------  -------------------
pipe_div                          15246.7202    100.0  10062.7201  4838.4001  0.0000  pipe_div
sub_141_S2                          345.6000      2.3    345.6000     0.0000  0.0000  pipe_div_DW01_sub_0
--------------------------------  ----------  -------  ----------  ---------  ------  -------------------
Total                                                  10408.3201  4838.4001  0.0000

1
