======================================================================

Annotating SDF timing data:
  Compiled SDF file:     pipe_div_syn.sdf.X
  Log file:              back_annotate.log
  Backannotation scope:  pipe_div_tb.DUT
  Configuration file:    
  MTM control:           
  Scale factors:         
  Scale type:            

Time units: 1ns

xmelab: *W,SDFCTE: Module pipe_div of instance pipe_div_tb.DUT does not match SDF celltype of pipe_div_syn, skipping annotation </home/ead/isaacbilsel/ece6214/project5/synthesis/netlists/pipe_div_syn.sdf, line 15>.
xmelab: *W,SDFNET: Unable to annotate to non-existent timing check (HOLD RN (posedge CLK) (0.047)) of instance pipe_div_tb.DUT.\dividend_q_reg[14]  of module DFFR_H </home/ead/isaacbilsel/ece6214/project5/synthesis/netlists/pipe_div_syn.sdf, line 10052>.
xmelab: *W,SDFNET: Unable to annotate to non-existent timing check (HOLD RN (posedge CLK) (0.047)) of instance pipe_div_tb.DUT.\divisor_q_reg[2]  of module DFFR_H </home/ead/isaacbilsel/ece6214/project5/synthesis/netlists/pipe_div_syn.sdf, line 10070>.
xmelab: *W,SDFNET: Unable to annotate to non-existent timing check (HOLD RN (posedge CLK) (0.047)) of instance pipe_div_tb.DUT.\divisor_q_reg[1]  of module DFFR_H </home/ead/isaacbilsel/ece6214/project5/synthesis/netlists/pipe_div_syn.sdf, line 10088>.
xmelab: *W,SDFNET: Unable to annotate to non-existent timing check (HOLD RN (posedge CLK) (0.047)) of instance pipe_div_tb.DUT.\dividend_q_reg[13]  of module DFFR_H </home/ead/isaacbilsel/ece6214/project5/synthesis/netlists/pipe_div_syn.sdf, line 10106>.
xmelab: *W,SDFNET: Unable to annotate to non-existent timing check (HOLD RN (posedge CLK) (0.047)) of instance pipe_div_tb.DUT.\dividend_q_reg[12]  of module DFFR_H </home/ead/isaacbilsel/ece6214/project5/synthesis/netlists/pipe_div_syn.sdf, line 10124>.
xmelab: *W,SDFNET: Unable to annotate to non-existent timing check (HOLD RN (posedge CLK) (0.047)) of instance pipe_div_tb.DUT.\dividend_q_reg[5]  of module DFFR_H </home/ead/isaacbilsel/ece6214/project5/synthesis/netlists/pipe_div_syn.sdf, line 10142>.
xmelab: *W,SDFNET: Unable to annotate to non-existent timing check (HOLD RN (posedge CLK) (0.047)) of instance pipe_div_tb.DUT.\dividend_q_reg[4]  of module DFFR_H </home/ead/isaacbilsel/ece6214/project5/synthesis/netlists/pipe_div_syn.sdf, line 10160>.
xmelab: *W,SDFNET: Unable to annotate to non-existent timing check (HOLD RN (posedge CLK) (0.047)) of instance pipe_div_tb.DUT.\dividend_q_reg[3]  of module DFFR_H </home/ead/isaacbilsel/ece6214/project5/synthesis/netlists/pipe_div_syn.sdf, line 10178>.
xmelab: *W,SDFNET: Unable to annotate to non-existent timing check (HOLD RN (posedge CLK) (0.047)) of instance pipe_div_tb.DUT.\dividend_q_reg[8]  of module DFFR_H </home/ead/isaacbilsel/ece6214/project5/synthesis/netlists/pipe_div_syn.sdf, line 10196>.
xmelab: *W,SDFNET: Unable to annotate to non-existent timing check (HOLD RN (posedge CLK) (0.047)) of instance pipe_div_tb.DUT.\dividend_q_reg[11]  of module DFFR_H </home/ead/isaacbilsel/ece6214/project5/synthesis/netlists/pipe_div_syn.sdf, line 10214>.
xmelab: *W,SDFNET: Unable to annotate to non-existent timing check (HOLD RN (posedge CLK) (0.047)) of instance pipe_div_tb.DUT.\dividend_q_reg[10]  of module DFFR_H </home/ead/isaacbilsel/ece6214/project5/synthesis/netlists/pipe_div_syn.sdf, line 10232>.
xmelab: *W,SDFNET: Unable to annotate to non-existent timing check (HOLD RN (posedge CLK) (0.047)) of instance pipe_div_tb.DUT.\dividend_q_reg[1]  of module DFFR_H </home/ead/isaacbilsel/ece6214/project5/synthesis/netlists/pipe_div_syn.sdf, line 10250>.
xmelab: *W,SDFNET: Unable to annotate to non-existent timing check (HOLD RN (posedge CLK) (0.047)) of instance pipe_div_tb.DUT.\dividend_q_reg[7]  of module DFFR_H </home/ead/isaacbilsel/ece6214/project5/synthesis/netlists/pipe_div_syn.sdf, line 10268>.
xmelab: *W,SDFNET: Unable to annotate to non-existent timing check (HOLD RN (posedge CLK) (0.047)) of instance pipe_div_tb.DUT.\dividend_q_reg[9]  of module DFFR_H </home/ead/isaacbilsel/ece6214/project5/synthesis/netlists/pipe_div_syn.sdf, line 10286>.
xmelab: *W,SDFNET: Unable to annotate to non-existent timing check (HOLD RN (posedge CLK) (0.047)) of instance pipe_div_tb.DUT.\remainder_reg[7]  of module DFFR_K </home/ead/isaacbilsel/ece6214/project5/synthesis/netlists/pipe_div_syn.sdf, line 10524>.
xmelab: *W,SDFNET: Unable to annotate to non-existent timing check (HOLD RN (posedge CLK) (0.047)) of instance pipe_div_tb.DUT.\remainder_reg[6]  of module DFFR_K </home/ead/isaacbilsel/ece6214/project5/synthesis/netlists/pipe_div_syn.sdf, line 10542>.
xmelab: *W,SDFNET: Unable to annotate to non-existent timing check (HOLD RN (posedge CLK) (0.047)) of instance pipe_div_tb.DUT.\remainder_reg[5]  of module DFFR_K </home/ead/isaacbilsel/ece6214/project5/synthesis/netlists/pipe_div_syn.sdf, line 10560>.
xmelab: *W,SDFNET: Unable to annotate to non-existent timing check (HOLD RN (posedge CLK) (0.047)) of instance pipe_div_tb.DUT.\remainder_reg[4]  of module DFFR_K </home/ead/isaacbilsel/ece6214/project5/synthesis/netlists/pipe_div_syn.sdf, line 10578>.
xmelab: *W,SDFNET: Unable to annotate to non-existent timing check (HOLD RN (posedge CLK) (0.047)) of instance pipe_div_tb.DUT.\remainder_reg[3]  of module DFFR_K </home/ead/isaacbilsel/ece6214/project5/synthesis/netlists/pipe_div_syn.sdf, line 10596>.
xmelab: *W,SDFNET: Unable to annotate to non-existent timing check (HOLD RN (posedge CLK) (0.047)) of instance pipe_div_tb.DUT.\remainder_reg[2]  of module DFFR_K </home/ead/isaacbilsel/ece6214/project5/synthesis/netlists/pipe_div_syn.sdf, line 10614>.
xmelab: *W,SDFNET: Unable to annotate to non-existent timing check (HOLD RN (posedge CLK) (0.047)) of instance pipe_div_tb.DUT.\remainder_reg[1]  of module DFFR_K </home/ead/isaacbilsel/ece6214/project5/synthesis/netlists/pipe_div_syn.sdf, line 10632>.
xmelab: *W,SDFNET: Unable to annotate to non-existent timing check (HOLD RN (posedge CLK) (0.047)) of instance pipe_div_tb.DUT.\remainder_reg[0]  of module DFFR_K </home/ead/isaacbilsel/ece6214/project5/synthesis/netlists/pipe_div_syn.sdf, line 10650>.
xmelab: *W,SDFNET: Unable to annotate to non-existent timing check (HOLD RN (posedge CLK) (0.047)) of instance pipe_div_tb.DUT.\sreg_reg[23]  of module DFFR_K </home/ead/isaacbilsel/ece6214/project5/synthesis/netlists/pipe_div_syn.sdf, line 10668>.
xmelab: *W,SDFNET: Unable to annotate to non-existent timing check (HOLD RN (posedge CLK) (0.047)) of instance pipe_div_tb.DUT.\sreg_reg[22]  of module DFFR_K </home/ead/isaacbilsel/ece6214/project5/synthesis/netlists/pipe_div_syn.sdf, line 10686>.
xmelab: *W,SDFNET: Unable to annotate to non-existent timing check (HOLD RN (posedge CLK) (0.047)) of instance pipe_div_tb.DUT.\sreg_reg[21]  of module DFFR_K </home/ead/isaacbilsel/ece6214/project5/synthesis/netlists/pipe_div_syn.sdf, line 10704>.
xmelab: *W,SDFNET: Unable to annotate to non-existent timing check (HOLD RN (posedge CLK) (0.047)) of instance pipe_div_tb.DUT.\sreg_reg[20]  of module DFFR_K </home/ead/isaacbilsel/ece6214/project5/synthesis/netlists/pipe_div_syn.sdf, line 10722>.
xmelab: *W,SDFNET: Unable to annotate to non-existent timing check (HOLD RN (posedge CLK) (0.047)) of instance pipe_div_tb.DUT.\sreg_reg[19]  of module DFFR_K </home/ead/isaacbilsel/ece6214/project5/synthesis/netlists/pipe_div_syn.sdf, line 10740>.
xmelab: *W,SDFNET: Unable to annotate to non-existent timing check (HOLD RN (posedge CLK) (0.047)) of instance pipe_div_tb.DUT.\sreg_reg[18]  of module DFFR_K </home/ead/isaacbilsel/ece6214/project5/synthesis/netlists/pipe_div_syn.sdf, line 10758>.
xmelab: *W,SDFNET: Unable to annotate to non-existent timing check (HOLD RN (posedge CLK) (0.047)) of instance pipe_div_tb.DUT.\sreg_reg[17]  of module DFFR_K </home/ead/isaacbilsel/ece6214/project5/synthesis/netlists/pipe_div_syn.sdf, line 10776>.
xmelab: *W,SDFNET: Unable to annotate to non-existent timing check (HOLD RN (posedge CLK) (0.047)) of instance pipe_div_tb.DUT.\sreg_reg[16]  of module DFFR_K </home/ead/isaacbilsel/ece6214/project5/synthesis/netlists/pipe_div_syn.sdf, line 10794>.
xmelab: *W,SDFNET: Unable to annotate to non-existent timing check (HOLD RN (posedge CLK) (0.047)) of instance pipe_div_tb.DUT.\quotient_reg[15]  of module DFFR_K </home/ead/isaacbilsel/ece6214/project5/synthesis/netlists/pipe_div_syn.sdf, line 10812>.
xmelab: *W,SDFNET: Unable to annotate to non-existent timing check (HOLD RN (posedge CLK) (0.047)) of instance pipe_div_tb.DUT.\quotient_reg[14]  of module DFFR_K </home/ead/isaacbilsel/ece6214/project5/synthesis/netlists/pipe_div_syn.sdf, line 10830>.
xmelab: *W,SDFNET: Unable to annotate to non-existent timing check (HOLD RN (posedge CLK) (0.047)) of instance pipe_div_tb.DUT.\quotient_reg[13]  of module DFFR_K </home/ead/isaacbilsel/ece6214/project5/synthesis/netlists/pipe_div_syn.sdf, line 10848>.
xmelab: *W,SDFNET: Unable to annotate to non-existent timing check (HOLD RN (posedge CLK) (0.047)) of instance pipe_div_tb.DUT.\quotient_reg[12]  of module DFFR_K </home/ead/isaacbilsel/ece6214/project5/synthesis/netlists/pipe_div_syn.sdf, line 10866>.
xmelab: *W,SDFNET: Unable to annotate to non-existent timing check (HOLD RN (posedge CLK) (0.047)) of instance pipe_div_tb.DUT.\quotient_reg[11]  of module DFFR_K </home/ead/isaacbilsel/ece6214/project5/synthesis/netlists/pipe_div_syn.sdf, line 10884>.
xmelab: *W,SDFNET: Unable to annotate to non-existent timing check (HOLD RN (posedge CLK) (0.047)) of instance pipe_div_tb.DUT.\quotient_reg[10]  of module DFFR_K </home/ead/isaacbilsel/ece6214/project5/synthesis/netlists/pipe_div_syn.sdf, line 10902>.
xmelab: *W,SDFNET: Unable to annotate to non-existent timing check (HOLD RN (posedge CLK) (0.047)) of instance pipe_div_tb.DUT.\quotient_reg[9]  of module DFFR_K </home/ead/isaacbilsel/ece6214/project5/synthesis/netlists/pipe_div_syn.sdf, line 10920>.
xmelab: *W,SDFNET: Unable to annotate to non-existent timing check (HOLD RN (posedge CLK) (0.047)) of instance pipe_div_tb.DUT.\quotient_reg[8]  of module DFFR_K </home/ead/isaacbilsel/ece6214/project5/synthesis/netlists/pipe_div_syn.sdf, line 10938>.
xmelab: *W,SDFNET: Unable to annotate to non-existent timing check (HOLD RN (posedge CLK) (0.047)) of instance pipe_div_tb.DUT.\quotient_reg[7]  of module DFFR_K </home/ead/isaacbilsel/ece6214/project5/synthesis/netlists/pipe_div_syn.sdf, line 10956>.
xmelab: *W,SDFNET: Unable to annotate to non-existent timing check (HOLD RN (posedge CLK) (0.047)) of instance pipe_div_tb.DUT.\quotient_reg[6]  of module DFFR_K </home/ead/isaacbilsel/ece6214/project5/synthesis/netlists/pipe_div_syn.sdf, line 10974>.
xmelab: *W,SDFNET: Unable to annotate to non-existent timing check (HOLD RN (posedge CLK) (0.047)) of instance pipe_div_tb.DUT.\quotient_reg[5]  of module DFFR_K </home/ead/isaacbilsel/ece6214/project5/synthesis/netlists/pipe_div_syn.sdf, line 10992>.
xmelab: *W,SDFNET: Unable to annotate to non-existent timing check (HOLD RN (posedge CLK) (0.047)) of instance pipe_div_tb.DUT.\quotient_reg[4]  of module DFFR_K </home/ead/isaacbilsel/ece6214/project5/synthesis/netlists/pipe_div_syn.sdf, line 11010>.
xmelab: *W,SDFNET: Unable to annotate to non-existent timing check (HOLD RN (posedge CLK) (0.047)) of instance pipe_div_tb.DUT.\quotient_reg[3]  of module DFFR_K </home/ead/isaacbilsel/ece6214/project5/synthesis/netlists/pipe_div_syn.sdf, line 11028>.
xmelab: *W,SDFNET: Unable to annotate to non-existent timing check (HOLD RN (posedge CLK) (0.047)) of instance pipe_div_tb.DUT.\quotient_reg[2]  of module DFFR_K </home/ead/isaacbilsel/ece6214/project5/synthesis/netlists/pipe_div_syn.sdf, line 11046>.
xmelab: *W,SDFNET: Unable to annotate to non-existent timing check (HOLD RN (posedge CLK) (0.047)) of instance pipe_div_tb.DUT.\quotient_reg[1]  of module DFFR_K </home/ead/isaacbilsel/ece6214/project5/synthesis/netlists/pipe_div_syn.sdf, line 11064>.
xmelab: *W,SDFNET: Unable to annotate to non-existent timing check (HOLD RN (posedge CLK) (0.047)) of instance pipe_div_tb.DUT.\quotient_reg[0]  of module DFFR_K </home/ead/isaacbilsel/ece6214/project5/synthesis/netlists/pipe_div_syn.sdf, line 11082>.
xmelab: *W,SDFNET: Unable to annotate to non-existent timing check (HOLD RN (posedge CLK) (0.047)) of instance pipe_div_tb.DUT.\sreg_reg[15]  of module DFFR_K </home/ead/isaacbilsel/ece6214/project5/synthesis/netlists/pipe_div_syn.sdf, line 11100>.
xmelab: *W,SDFNET: Unable to annotate to non-existent timing check (HOLD RN (posedge CLK) (0.047)) of instance pipe_div_tb.DUT.\sreg_reg[14]  of module DFFR_K </home/ead/isaacbilsel/ece6214/project5/synthesis/netlists/pipe_div_syn.sdf, line 11118>.
xmelab: *W,SDFNET: Unable to annotate to non-existent timing check (HOLD RN (posedge CLK) (0.047)) of instance pipe_div_tb.DUT.\sreg_reg[13]  of module DFFR_K </home/ead/isaacbilsel/ece6214/project5/synthesis/netlists/pipe_div_syn.sdf, line 11136>.
xmelab: *W,SDFNET: Unable to annotate to non-existent timing check (HOLD RN (posedge CLK) (0.047)) of instance pipe_div_tb.DUT.\sreg_reg[12]  of module DFFR_K </home/ead/isaacbilsel/ece6214/project5/synthesis/netlists/pipe_div_syn.sdf, line 11154>.
xmelab: *W,SDFNET: Unable to annotate to non-existent timing check (HOLD RN (posedge CLK) (0.047)) of instance pipe_div_tb.DUT.\sreg_reg[11]  of module DFFR_K </home/ead/isaacbilsel/ece6214/project5/synthesis/netlists/pipe_div_syn.sdf, line 11172>.
xmelab: *W,SDFNET: Unable to annotate to non-existent timing check (HOLD RN (posedge CLK) (0.047)) of instance pipe_div_tb.DUT.\sreg_reg[10]  of module DFFR_K </home/ead/isaacbilsel/ece6214/project5/synthesis/netlists/pipe_div_syn.sdf, line 11190>.
xmelab: *W,SDFNET: Unable to annotate to non-existent timing check (HOLD RN (posedge CLK) (0.047)) of instance pipe_div_tb.DUT.\sreg_reg[9]  of module DFFR_K </home/ead/isaacbilsel/ece6214/project5/synthesis/netlists/pipe_div_syn.sdf, line 11208>.
xmelab: *W,SDFNET: Unable to annotate to non-existent timing check (HOLD RN (posedge CLK) (0.047)) of instance pipe_div_tb.DUT.\sreg_reg[8]  of module DFFR_K </home/ead/isaacbilsel/ece6214/project5/synthesis/netlists/pipe_div_syn.sdf, line 11226>.
xmelab: *W,SDFNET: Unable to annotate to non-existent timing check (HOLD RN (posedge CLK) (0.047)) of instance pipe_div_tb.DUT.\sreg_reg[7]  of module DFFR_K </home/ead/isaacbilsel/ece6214/project5/synthesis/netlists/pipe_div_syn.sdf, line 11244>.
xmelab: *W,SDFNET: Unable to annotate to non-existent timing check (HOLD RN (posedge CLK) (0.047)) of instance pipe_div_tb.DUT.\sreg_reg[6]  of module DFFR_K </home/ead/isaacbilsel/ece6214/project5/synthesis/netlists/pipe_div_syn.sdf, line 11262>.
xmelab: *W,SDFNET: Unable to annotate to non-existent timing check (HOLD RN (posedge CLK) (0.047)) of instance pipe_div_tb.DUT.\sreg_reg[5]  of module DFFR_K </home/ead/isaacbilsel/ece6214/project5/synthesis/netlists/pipe_div_syn.sdf, line 11280>.
xmelab: *W,SDFNET: Unable to annotate to non-existent timing check (HOLD RN (posedge CLK) (0.047)) of instance pipe_div_tb.DUT.\sreg_reg[4]  of module DFFR_K </home/ead/isaacbilsel/ece6214/project5/synthesis/netlists/pipe_div_syn.sdf, line 11298>.
xmelab: *W,SDFNET: Unable to annotate to non-existent timing check (HOLD RN (posedge CLK) (0.047)) of instance pipe_div_tb.DUT.\sreg_reg[3]  of module DFFR_K </home/ead/isaacbilsel/ece6214/project5/synthesis/netlists/pipe_div_syn.sdf, line 11316>.
xmelab: *W,SDFNET: Unable to annotate to non-existent timing check (HOLD RN (posedge CLK) (0.047)) of instance pipe_div_tb.DUT.\sreg_reg[2]  of module DFFR_K </home/ead/isaacbilsel/ece6214/project5/synthesis/netlists/pipe_div_syn.sdf, line 11334>.
xmelab: *W,SDFNET: Unable to annotate to non-existent timing check (HOLD RN (posedge CLK) (0.047)) of instance pipe_div_tb.DUT.\sreg_reg[1]  of module DFFR_K </home/ead/isaacbilsel/ece6214/project5/synthesis/netlists/pipe_div_syn.sdf, line 11352>.
xmelab: *W,SDFNET: Unable to annotate to non-existent timing check (HOLD RN (posedge CLK) (0.047)) of instance pipe_div_tb.DUT.\sreg_reg[0]  of module DFFR_K </home/ead/isaacbilsel/ece6214/project5/synthesis/netlists/pipe_div_syn.sdf, line 11370>.
xmelab: *W,SDFNET: Unable to annotate to non-existent timing check (HOLD RN (posedge CLK) (0.047)) of instance pipe_div_tb.DUT.en_reg of module DFFR_K </home/ead/isaacbilsel/ece6214/project5/synthesis/netlists/pipe_div_syn.sdf, line 11388>.
xmelab: *W,SDFNET: Unable to annotate to non-existent timing check (HOLD RN (posedge CLK) (0.047)) of instance pipe_div_tb.DUT.error_reg of module DFFR_K </home/ead/isaacbilsel/ece6214/project5/synthesis/netlists/pipe_div_syn.sdf, line 11518>.
xmelab: *W,SDFNET: Unable to annotate to non-existent timing check (HOLD RN (posedge CLK) (0.047)) of instance pipe_div_tb.DUT.ready_reg of module DFFR_K </home/ead/isaacbilsel/ece6214/project5/synthesis/netlists/pipe_div_syn.sdf, line 11536>.
xmelab: *W,SDFNET: Unable to annotate to non-existent timing check (HOLD RN (posedge CLK) (0.047)) of instance pipe_div_tb.DUT.\counter_reg[4]  of module DFFR_K </home/ead/isaacbilsel/ece6214/project5/synthesis/netlists/pipe_div_syn.sdf, line 11582>.
xmelab: *W,SDFNET: Unable to annotate to non-existent timing check (HOLD RN (posedge CLK) (0.047)) of instance pipe_div_tb.DUT.\counter_reg[3]  of module DFFR_K </home/ead/isaacbilsel/ece6214/project5/synthesis/netlists/pipe_div_syn.sdf, line 11600>.
xmelab: *W,SDFNET: Unable to annotate to non-existent timing check (HOLD RN (posedge CLK) (0.047)) of instance pipe_div_tb.DUT.\counter_reg[2]  of module DFFR_K </home/ead/isaacbilsel/ece6214/project5/synthesis/netlists/pipe_div_syn.sdf, line 11618>.
xmelab: *W,SDFNET: Unable to annotate to non-existent timing check (HOLD RN (posedge CLK) (0.047)) of instance pipe_div_tb.DUT.\counter_reg[1]  of module DFFR_K </home/ead/isaacbilsel/ece6214/project5/synthesis/netlists/pipe_div_syn.sdf, line 11636>.
xmelab: *W,SDFNET: Unable to annotate to non-existent timing check (HOLD RN (posedge CLK) (0.047)) of instance pipe_div_tb.DUT.\counter_reg[0]  of module DFFR_K </home/ead/isaacbilsel/ece6214/project5/synthesis/netlists/pipe_div_syn.sdf, line 11654>.
xmelab: *W,SDFNET: Unable to annotate to non-existent timing check (HOLD RN (posedge CLK) (0.047)) of instance pipe_div_tb.DUT.\state_reg[1]  of module DFFR_K </home/ead/isaacbilsel/ece6214/project5/synthesis/netlists/pipe_div_syn.sdf, line 11672>.
xmelab: *W,SDFNET: Unable to annotate to non-existent timing check (HOLD RN (posedge CLK) (0.047)) of instance pipe_div_tb.DUT.\state_reg[0]  of module DFFR_K </home/ead/isaacbilsel/ece6214/project5/synthesis/netlists/pipe_div_syn.sdf, line 11690>.
xmelab: *W,SDFNET: Unable to annotate to non-existent timing check (HOLD RN (posedge CLK) (0.047)) of instance pipe_div_tb.DUT.\divisor_q_reg[0]  of module DFFR_K </home/ead/isaacbilsel/ece6214/project5/synthesis/netlists/pipe_div_syn.sdf, line 11708>.
xmelab: *W,SDFNET: Unable to annotate to non-existent timing check (HOLD RN (posedge CLK) (0.047)) of instance pipe_div_tb.DUT.\divisor_q_reg[3]  of module DFFR_K </home/ead/isaacbilsel/ece6214/project5/synthesis/netlists/pipe_div_syn.sdf, line 11726>.
xmelab: *W,SDFNET: Unable to annotate to non-existent timing check (HOLD RN (posedge CLK) (0.047)) of instance pipe_div_tb.DUT.\divisor_q_reg[4]  of module DFFR_K </home/ead/isaacbilsel/ece6214/project5/synthesis/netlists/pipe_div_syn.sdf, line 11744>.
xmelab: *W,SDFNET: Unable to annotate to non-existent timing check (HOLD RN (posedge CLK) (0.047)) of instance pipe_div_tb.DUT.\divisor_q_reg[5]  of module DFFR_K </home/ead/isaacbilsel/ece6214/project5/synthesis/netlists/pipe_div_syn.sdf, line 11762>.
xmelab: *W,SDFNET: Unable to annotate to non-existent timing check (HOLD RN (posedge CLK) (0.047)) of instance pipe_div_tb.DUT.\divisor_q_reg[6]  of module DFFR_K </home/ead/isaacbilsel/ece6214/project5/synthesis/netlists/pipe_div_syn.sdf, line 11780>.
xmelab: *W,SDFNET: Unable to annotate to non-existent timing check (HOLD RN (posedge CLK) (0.047)) of instance pipe_div_tb.DUT.\divisor_q_reg[7]  of module DFFR_K </home/ead/isaacbilsel/ece6214/project5/synthesis/netlists/pipe_div_syn.sdf, line 11798>.
xmelab: *W,SDFNET: Unable to annotate to non-existent timing check (HOLD RN (posedge CLK) (0.047)) of instance pipe_div_tb.DUT.\dividend_q_reg[0]  of module DFFR_K </home/ead/isaacbilsel/ece6214/project5/synthesis/netlists/pipe_div_syn.sdf, line 11816>.
xmelab: *W,SDFNET: Unable to annotate to non-existent timing check (HOLD RN (posedge CLK) (0.047)) of instance pipe_div_tb.DUT.\dividend_q_reg[2]  of module DFFR_K </home/ead/isaacbilsel/ece6214/project5/synthesis/netlists/pipe_div_syn.sdf, line 11834>.
xmelab: *W,SDFNET: Unable to annotate to non-existent timing check (HOLD RN (posedge CLK) (0.047)) of instance pipe_div_tb.DUT.\dividend_q_reg[6]  of module DFFR_K </home/ead/isaacbilsel/ece6214/project5/synthesis/netlists/pipe_div_syn.sdf, line 11852>.
xmelab: *W,SDFNET: Unable to annotate to non-existent timing check (HOLD RN (posedge CLK) (0.047)) of instance pipe_div_tb.DUT.\dividend_q_reg[15]  of module DFFR_K </home/ead/isaacbilsel/ece6214/project5/synthesis/netlists/pipe_div_syn.sdf, line 11870>.
