 
****************************************
Report : area
Design : booth_mult_ver_syn
Version: O-2018.06-SP1
Date   : Thu Feb 20 19:08:56 2025
****************************************

Library(s) Used:

    IBM_CMOS8HP_SS125 (File: /apps/design_kits/ibm_kits/IBM_IP/ibm_cmos8hp/std_cell/sc/v.20110613/synopsys/ss_125/IBM_CMOS8HP_SS125.db)

Number of ports:                          263
Number of nets:                          1028
Number of cells:                          745
Number of combinational cells:            474
Number of sequential cells:               269
Number of macros/black boxes:               0
Number of buf/inv:                        309
Number of references:                      31

Combinational area:               8102.400084
Buf/Inv area:                     3866.880040
Noncombinational area:            6119.039989
Macro/Black Box area:                0.000000
Net Interconnect area:      undefined  (Wire load has zero net area)

Total cell area:                 14221.440073
Total area:                 undefined

Hierarchical area distribution
------------------------------

                                  Global cell area           Local cell area
                                  -------------------  ---------------------------- 
Hierarchical cell                 Absolute    Percent  Combi-     Noncombi-  Black-
                                  Total       Total    national   national   boxes   Design
--------------------------------  ----------  -------  ---------  ---------  ------  -----------------------------
booth_mult_ver_syn                14221.4401    100.0  5381.7601  6119.0400  0.0000  booth_mult_ver_syn
add_64                             1269.1200      8.9  1269.1200     0.0000  0.0000  booth_mult_ver_syn_DW01_add_0
sub_66                             1451.5200     10.2  1451.5200     0.0000  0.0000  booth_mult_ver_syn_DW01_sub_0
--------------------------------  ----------  -------  ---------  ---------  ------  -----------------------------
Total                                                  8102.4001  6119.0400  0.0000

1
