 
****************************************
Report : area
Design : divider
Version: O-2018.06-SP1
Date   : Wed Feb 26 17:47:01 2025
****************************************

Library(s) Used:

    IBM_CMOS8HP_SS125 (File: /apps/design_kits/ibm_kits/IBM_IP/ibm_cmos8hp/std_cell/sc/v.20110613/synopsys/ss_125/IBM_CMOS8HP_SS125.db)

Number of ports:                          148
Number of nets:                          1931
Number of cells:                         1702
Number of combinational cells:           1674
Number of sequential cells:                26
Number of macros/black boxes:               0
Number of buf/inv:                        915
Number of references:                      14

Combinational area:              31443.840149
Buf/Inv area:                    12923.520148
Noncombinational area:            1059.839996
Macro/Black Box area:                0.000000
Net Interconnect area:      undefined  (Wire load has zero net area)

Total cell area:                 32503.680146
Total area:                 undefined

Hierarchical area distribution
------------------------------

                                  Global cell area            Local cell area
                                  -------------------  ----------------------------- 
Hierarchical cell                 Absolute    Percent  Combi-      Noncombi-  Black-
                                  Total       Total    national    national   boxes   Design
--------------------------------  ----------  -------  ----------  ---------  ------  --------------------
divider                           32503.6801    100.0   2415.3600  1059.8400  0.0000  divider
div_19                            14025.6001     43.2  14025.6001     0.0000  0.0000  divider_DW_div_uns_3
rem_20                            15002.8801     46.2  15002.8801     0.0000  0.0000  divider_DW_div_uns_2
--------------------------------  ----------  -------  ----------  ---------  ------  --------------------
Total                                                  31443.8401  1059.8400  0.0000

1
