 
****************************************
Report : area
Design : dsp_slice
Version: O-2018.06-SP1
Date   : Thu Apr 24 19:43:30 2025
****************************************

Library(s) Used:

    IBM_CMOS8HP_SS125 (File: /apps/design_kits/ibm_kits/IBM_IP/ibm_cmos8hp/std_cell/sc/v.20110613/synopsys/ss_125/IBM_CMOS8HP_SS125.db)

Number of ports:                          136
Number of nets:                           438
Number of cells:                          302
Number of combinational cells:            263
Number of sequential cells:                36
Number of macros/black boxes:               0
Number of buf/inv:                        140
Number of references:                      10

Combinational area:               3861.120022
Buf/Inv area:                     1507.200021
Noncombinational area:             956.159981
Macro/Black Box area:                0.000000
Net Interconnect area:      undefined  (Wire load has zero net area)

Total cell area:                  4817.280003
Total area:                 undefined

Hierarchical area distribution
------------------------------

                                  Global cell area          Local cell area
                                  ------------------  ---------------------------- 
Hierarchical cell                 Absolute   Percent  Combi-     Noncombi-  Black-
                                  Total      Total    national   national   boxes   Design
--------------------------------  ---------  -------  ---------  ---------  ------  ---------------------
dsp_slice                         4817.2800    100.0   923.5200   956.1600  0.0000  dsp_slice
add_33                             468.4800      9.7   468.4800     0.0000  0.0000  dsp_slice_DW01_add_0
mult_32                           2469.1200     51.3  1797.1200     0.0000  0.0000  dsp_slice_DW02_mult_0
mult_32/FS_1                       672.0000     13.9   672.0000     0.0000  0.0000  dsp_slice_DW01_add_1
--------------------------------  ---------  -------  ---------  ---------  ------  ---------------------
Total                                                 3861.1200   956.1600  0.0000

1
