Warning: Design 'dsp_top' has '2' unresolved references. For more detailed information, use the "link" command. (UID-341)
 
****************************************
Report : area
Design : dsp_top
Version: O-2018.06-SP1
Date   : Thu Apr 24 19:53:44 2025
****************************************

Library(s) Used:

    IBM_CMOS8HP_SS125 (File: /apps/design_kits/ibm_kits/IBM_IP/ibm_cmos8hp/std_cell/sc/v.20110613/synopsys/ss_125/IBM_CMOS8HP_SS125.db)

Number of ports:                          154
Number of nets:                         14532
Number of cells:                        13649
Number of combinational cells:          11368
Number of sequential cells:              2278
Number of macros/black boxes:               0
Number of buf/inv:                       6234
Number of references:                      55

Combinational area:             143107.202456
Buf/Inv area:                    79537.921937
Noncombinational area:           65669.758274
Macro/Black Box area:                0.000000
Net Interconnect area:      undefined  (Wire load has zero net area)

Total cell area:                208776.960730
Total area:                 undefined

Information: This design contains black box (unknown) components. (RPT-8)

Hierarchical area distribution
------------------------------

                                  Global cell area              Local cell area
                                  --------------------  ------------------------------- 
Hierarchical cell                 Absolute     Percent  Combi-       Noncombi-   Black-
                                  Total        Total    national     national    boxes   Design
--------------------------------  -----------  -------  -----------  ----------  ------  ----------------
dsp_top                           208776.9607    100.0    8017.9200   4417.9199  0.0000  dsp_top
i_sample_storage                   97403.5204     46.7   67105.9212  30297.5992  0.0000  sample_storage_1
q_sample_storage                   97424.6404     46.7   67109.7612  30314.8792  0.0000  sample_storage_0
u_upsampler                         1512.9600      0.7     873.6000    639.3600  0.0000  upsampler
--------------------------------  -----------  -------  -----------  ----------  ------  ----------------
Total                                                   143107.2025  65669.7583  0.0000

1
