Warning: Design 'fir_filter' has '1' unresolved references. For more detailed information, use the "link" command. (UID-341)
 
****************************************
Report : area
Design : fir_filter
Version: O-2018.06-SP1
Date   : Thu Apr 24 19:57:16 2025
****************************************

Library(s) Used:

    IBM_CMOS8HP_SS125 (File: /apps/design_kits/ibm_kits/IBM_IP/ibm_cmos8hp/std_cell/sc/v.20110613/synopsys/ss_125/IBM_CMOS8HP_SS125.db)

Number of ports:                         9701
Number of nets:                         28294
Number of cells:                        16837
Number of combinational cells:          13995
Number of sequential cells:              2558
Number of macros/black boxes:               0
Number of buf/inv:                       5333
Number of references:                      72

Combinational area:             215719.681400
Buf/Inv area:                    47736.961361
Noncombinational area:           65433.598267
Macro/Black Box area:                0.000000
Net Interconnect area:      undefined  (Wire load has zero net area)

Total cell area:                281153.279667
Total area:                 undefined

Information: This design contains black box (unknown) components. (RPT-8)

Hierarchical area distribution
------------------------------

                                  Global cell area              Local cell area
                                  --------------------  ------------------------------- 
Hierarchical cell                 Absolute     Percent  Combi-       Noncombi-   Black-
                                  Total        Total    national     national    boxes   Design
--------------------------------  -----------  -------  -----------  ----------  ------  ------------------------
fir_filter                        281153.2797    100.0       0.0000      0.0000  0.0000  fir_filter
GEN_SLICE[0].u_fir_slice            3937.9200      1.4      46.0800    921.6000  0.0000  dsp_slice_70
GEN_SLICE[0].u_fir_slice/add_33      476.1600      0.2     476.1600      0.0000  0.0000  dsp_slice_70_DW01_add_0
GEN_SLICE[0].u_fir_slice/mult_32    2494.0800      0.9    1827.8400      0.0000  0.0000  dsp_slice_70_DW02_mult_0
GEN_SLICE[0].u_fir_slice/mult_32/FS_1
                                     666.2400      0.2     666.2400      0.0000  0.0000  dsp_slice_70_DW01_add_1
GEN_SLICE[10].u_fir_slice           3937.9200      1.4      46.0800    921.6000  0.0000  dsp_slice_60
GEN_SLICE[10].u_fir_slice/add_33     476.1600      0.2     476.1600      0.0000  0.0000  dsp_slice_60_DW01_add_0
GEN_SLICE[10].u_fir_slice/mult_32   2494.0800      0.9    1827.8400      0.0000  0.0000  dsp_slice_60_DW02_mult_0
GEN_SLICE[10].u_fir_slice/mult_32/FS_1
                                     666.2400      0.2     666.2400      0.0000  0.0000  dsp_slice_60_DW01_add_1
GEN_SLICE[11].u_fir_slice           3962.8800      1.4      49.9200    921.6000  0.0000  dsp_slice_59
GEN_SLICE[11].u_fir_slice/add_33     476.1600      0.2     476.1600      0.0000  0.0000  dsp_slice_59_DW01_add_0
GEN_SLICE[11].u_fir_slice/mult_32   2515.2000      0.9    1848.9600      0.0000  0.0000  dsp_slice_59_DW02_mult_0
GEN_SLICE[11].u_fir_slice/mult_32/FS_1
                                     666.2400      0.2     666.2400      0.0000  0.0000  dsp_slice_59_DW01_add_1
GEN_SLICE[12].u_fir_slice           3937.9200      1.4      46.0800    921.6000  0.0000  dsp_slice_58
GEN_SLICE[12].u_fir_slice/add_33     476.1600      0.2     476.1600      0.0000  0.0000  dsp_slice_58_DW01_add_0
GEN_SLICE[12].u_fir_slice/mult_32   2494.0800      0.9    1827.8400      0.0000  0.0000  dsp_slice_58_DW02_mult_0
GEN_SLICE[12].u_fir_slice/mult_32/FS_1
                                     666.2400      0.2     666.2400      0.0000  0.0000  dsp_slice_58_DW01_add_1
GEN_SLICE[13].u_fir_slice           3962.8800      1.4      49.9200    921.6000  0.0000  dsp_slice_57
GEN_SLICE[13].u_fir_slice/add_33     476.1600      0.2     476.1600      0.0000  0.0000  dsp_slice_57_DW01_add_0
GEN_SLICE[13].u_fir_slice/mult_32   2515.2000      0.9    1848.9600      0.0000  0.0000  dsp_slice_57_DW02_mult_0
GEN_SLICE[13].u_fir_slice/mult_32/FS_1
                                     666.2400      0.2     666.2400      0.0000  0.0000  dsp_slice_57_DW01_add_1
GEN_SLICE[14].u_fir_slice           3937.9200      1.4      46.0800    921.6000  0.0000  dsp_slice_56
GEN_SLICE[14].u_fir_slice/add_33     476.1600      0.2     476.1600      0.0000  0.0000  dsp_slice_56_DW01_add_0
GEN_SLICE[14].u_fir_slice/mult_32   2494.0800      0.9    1827.8400      0.0000  0.0000  dsp_slice_56_DW02_mult_0
GEN_SLICE[14].u_fir_slice/mult_32/FS_1
                                     666.2400      0.2     666.2400      0.0000  0.0000  dsp_slice_56_DW01_add_1
GEN_SLICE[15].u_fir_slice           3962.8800      1.4      49.9200    921.6000  0.0000  dsp_slice_55
GEN_SLICE[15].u_fir_slice/add_33     476.1600      0.2     476.1600      0.0000  0.0000  dsp_slice_55_DW01_add_0
GEN_SLICE[15].u_fir_slice/mult_32   2515.2000      0.9    1848.9600      0.0000  0.0000  dsp_slice_55_DW02_mult_0
GEN_SLICE[15].u_fir_slice/mult_32/FS_1
                                     666.2400      0.2     666.2400      0.0000  0.0000  dsp_slice_55_DW01_add_1
GEN_SLICE[16].u_fir_slice           3937.9200      1.4      46.0800    921.6000  0.0000  dsp_slice_54
GEN_SLICE[16].u_fir_slice/add_33     476.1600      0.2     476.1600      0.0000  0.0000  dsp_slice_54_DW01_add_0
GEN_SLICE[16].u_fir_slice/mult_32   2494.0800      0.9    1827.8400      0.0000  0.0000  dsp_slice_54_DW02_mult_0
GEN_SLICE[16].u_fir_slice/mult_32/FS_1
                                     666.2400      0.2     666.2400      0.0000  0.0000  dsp_slice_54_DW01_add_1
GEN_SLICE[17].u_fir_slice           3962.8800      1.4      49.9200    921.6000  0.0000  dsp_slice_53
GEN_SLICE[17].u_fir_slice/add_33     476.1600      0.2     476.1600      0.0000  0.0000  dsp_slice_53_DW01_add_0
GEN_SLICE[17].u_fir_slice/mult_32   2515.2000      0.9    1848.9600      0.0000  0.0000  dsp_slice_53_DW02_mult_0
GEN_SLICE[17].u_fir_slice/mult_32/FS_1
                                     666.2400      0.2     666.2400      0.0000  0.0000  dsp_slice_53_DW01_add_1
GEN_SLICE[18].u_fir_slice           3937.9200      1.4      46.0800    921.6000  0.0000  dsp_slice_52
GEN_SLICE[18].u_fir_slice/add_33     476.1600      0.2     476.1600      0.0000  0.0000  dsp_slice_52_DW01_add_0
GEN_SLICE[18].u_fir_slice/mult_32   2494.0800      0.9    1827.8400      0.0000  0.0000  dsp_slice_52_DW02_mult_0
GEN_SLICE[18].u_fir_slice/mult_32/FS_1
                                     666.2400      0.2     666.2400      0.0000  0.0000  dsp_slice_52_DW01_add_1
GEN_SLICE[19].u_fir_slice           3962.8800      1.4      49.9200    921.6000  0.0000  dsp_slice_51
GEN_SLICE[19].u_fir_slice/add_33     476.1600      0.2     476.1600      0.0000  0.0000  dsp_slice_51_DW01_add_0
GEN_SLICE[19].u_fir_slice/mult_32   2515.2000      0.9    1848.9600      0.0000  0.0000  dsp_slice_51_DW02_mult_0
GEN_SLICE[19].u_fir_slice/mult_32/FS_1
                                     666.2400      0.2     666.2400      0.0000  0.0000  dsp_slice_51_DW01_add_1
GEN_SLICE[1].u_fir_slice            3962.8800      1.4      49.9200    921.6000  0.0000  dsp_slice_69
GEN_SLICE[1].u_fir_slice/add_33      476.1600      0.2     476.1600      0.0000  0.0000  dsp_slice_69_DW01_add_0
GEN_SLICE[1].u_fir_slice/mult_32    2515.2000      0.9    1848.9600      0.0000  0.0000  dsp_slice_69_DW02_mult_0
GEN_SLICE[1].u_fir_slice/mult_32/FS_1
                                     666.2400      0.2     666.2400      0.0000  0.0000  dsp_slice_69_DW01_add_1
GEN_SLICE[20].u_fir_slice           3937.9200      1.4      46.0800    921.6000  0.0000  dsp_slice_50
GEN_SLICE[20].u_fir_slice/add_33     476.1600      0.2     476.1600      0.0000  0.0000  dsp_slice_50_DW01_add_0
GEN_SLICE[20].u_fir_slice/mult_32   2494.0800      0.9    1827.8400      0.0000  0.0000  dsp_slice_50_DW02_mult_0
GEN_SLICE[20].u_fir_slice/mult_32/FS_1
                                     666.2400      0.2     666.2400      0.0000  0.0000  dsp_slice_50_DW01_add_1
GEN_SLICE[21].u_fir_slice           3962.8800      1.4      49.9200    921.6000  0.0000  dsp_slice_49
GEN_SLICE[21].u_fir_slice/add_33     476.1600      0.2     476.1600      0.0000  0.0000  dsp_slice_49_DW01_add_0
GEN_SLICE[21].u_fir_slice/mult_32   2515.2000      0.9    1848.9600      0.0000  0.0000  dsp_slice_49_DW02_mult_0
GEN_SLICE[21].u_fir_slice/mult_32/FS_1
                                     666.2400      0.2     666.2400      0.0000  0.0000  dsp_slice_49_DW01_add_1
GEN_SLICE[22].u_fir_slice           3937.9200      1.4      46.0800    921.6000  0.0000  dsp_slice_48
GEN_SLICE[22].u_fir_slice/add_33     476.1600      0.2     476.1600      0.0000  0.0000  dsp_slice_48_DW01_add_0
GEN_SLICE[22].u_fir_slice/mult_32   2494.0800      0.9    1827.8400      0.0000  0.0000  dsp_slice_48_DW02_mult_0
GEN_SLICE[22].u_fir_slice/mult_32/FS_1
                                     666.2400      0.2     666.2400      0.0000  0.0000  dsp_slice_48_DW01_add_1
GEN_SLICE[23].u_fir_slice           3962.8800      1.4      49.9200    921.6000  0.0000  dsp_slice_47
GEN_SLICE[23].u_fir_slice/add_33     476.1600      0.2     476.1600      0.0000  0.0000  dsp_slice_47_DW01_add_0
GEN_SLICE[23].u_fir_slice/mult_32   2515.2000      0.9    1848.9600      0.0000  0.0000  dsp_slice_47_DW02_mult_0
GEN_SLICE[23].u_fir_slice/mult_32/FS_1
                                     666.2400      0.2     666.2400      0.0000  0.0000  dsp_slice_47_DW01_add_1
GEN_SLICE[24].u_fir_slice           3937.9200      1.4      46.0800    921.6000  0.0000  dsp_slice_46
GEN_SLICE[24].u_fir_slice/add_33     476.1600      0.2     476.1600      0.0000  0.0000  dsp_slice_46_DW01_add_0
GEN_SLICE[24].u_fir_slice/mult_32   2494.0800      0.9    1827.8400      0.0000  0.0000  dsp_slice_46_DW02_mult_0
GEN_SLICE[24].u_fir_slice/mult_32/FS_1
                                     666.2400      0.2     666.2400      0.0000  0.0000  dsp_slice_46_DW01_add_1
GEN_SLICE[25].u_fir_slice           3962.8800      1.4      49.9200    921.6000  0.0000  dsp_slice_45
GEN_SLICE[25].u_fir_slice/add_33     476.1600      0.2     476.1600      0.0000  0.0000  dsp_slice_45_DW01_add_0
GEN_SLICE[25].u_fir_slice/mult_32   2515.2000      0.9    1848.9600      0.0000  0.0000  dsp_slice_45_DW02_mult_0
GEN_SLICE[25].u_fir_slice/mult_32/FS_1
                                     666.2400      0.2     666.2400      0.0000  0.0000  dsp_slice_45_DW01_add_1
GEN_SLICE[26].u_fir_slice           3937.9200      1.4      46.0800    921.6000  0.0000  dsp_slice_44
GEN_SLICE[26].u_fir_slice/add_33     476.1600      0.2     476.1600      0.0000  0.0000  dsp_slice_44_DW01_add_0
GEN_SLICE[26].u_fir_slice/mult_32   2494.0800      0.9    1827.8400      0.0000  0.0000  dsp_slice_44_DW02_mult_0
GEN_SLICE[26].u_fir_slice/mult_32/FS_1
                                     666.2400      0.2     666.2400      0.0000  0.0000  dsp_slice_44_DW01_add_1
GEN_SLICE[27].u_fir_slice           3962.8800      1.4      49.9200    921.6000  0.0000  dsp_slice_43
GEN_SLICE[27].u_fir_slice/add_33     476.1600      0.2     476.1600      0.0000  0.0000  dsp_slice_43_DW01_add_0
GEN_SLICE[27].u_fir_slice/mult_32   2515.2000      0.9    1848.9600      0.0000  0.0000  dsp_slice_43_DW02_mult_0
GEN_SLICE[27].u_fir_slice/mult_32/FS_1
                                     666.2400      0.2     666.2400      0.0000  0.0000  dsp_slice_43_DW01_add_1
GEN_SLICE[28].u_fir_slice           3937.9200      1.4      46.0800    921.6000  0.0000  dsp_slice_42
GEN_SLICE[28].u_fir_slice/add_33     476.1600      0.2     476.1600      0.0000  0.0000  dsp_slice_42_DW01_add_0
GEN_SLICE[28].u_fir_slice/mult_32   2494.0800      0.9    1827.8400      0.0000  0.0000  dsp_slice_42_DW02_mult_0
GEN_SLICE[28].u_fir_slice/mult_32/FS_1
                                     666.2400      0.2     666.2400      0.0000  0.0000  dsp_slice_42_DW01_add_1
GEN_SLICE[29].u_fir_slice           3962.8800      1.4      49.9200    921.6000  0.0000  dsp_slice_41
GEN_SLICE[29].u_fir_slice/add_33     476.1600      0.2     476.1600      0.0000  0.0000  dsp_slice_41_DW01_add_0
GEN_SLICE[29].u_fir_slice/mult_32   2515.2000      0.9    1848.9600      0.0000  0.0000  dsp_slice_41_DW02_mult_0
GEN_SLICE[29].u_fir_slice/mult_32/FS_1
                                     666.2400      0.2     666.2400      0.0000  0.0000  dsp_slice_41_DW01_add_1
GEN_SLICE[2].u_fir_slice            3937.9200      1.4      46.0800    921.6000  0.0000  dsp_slice_68
GEN_SLICE[2].u_fir_slice/add_33      476.1600      0.2     476.1600      0.0000  0.0000  dsp_slice_68_DW01_add_0
GEN_SLICE[2].u_fir_slice/mult_32    2494.0800      0.9    1827.8400      0.0000  0.0000  dsp_slice_68_DW02_mult_0
GEN_SLICE[2].u_fir_slice/mult_32/FS_1
                                     666.2400      0.2     666.2400      0.0000  0.0000  dsp_slice_68_DW01_add_1
GEN_SLICE[30].u_fir_slice           3937.9200      1.4      46.0800    921.6000  0.0000  dsp_slice_40
GEN_SLICE[30].u_fir_slice/add_33     476.1600      0.2     476.1600      0.0000  0.0000  dsp_slice_40_DW01_add_0
GEN_SLICE[30].u_fir_slice/mult_32   2494.0800      0.9    1827.8400      0.0000  0.0000  dsp_slice_40_DW02_mult_0
GEN_SLICE[30].u_fir_slice/mult_32/FS_1
                                     666.2400      0.2     666.2400      0.0000  0.0000  dsp_slice_40_DW01_add_1
GEN_SLICE[31].u_fir_slice           3962.8800      1.4      49.9200    921.6000  0.0000  dsp_slice_39
GEN_SLICE[31].u_fir_slice/add_33     476.1600      0.2     476.1600      0.0000  0.0000  dsp_slice_39_DW01_add_0
GEN_SLICE[31].u_fir_slice/mult_32   2515.2000      0.9    1848.9600      0.0000  0.0000  dsp_slice_39_DW02_mult_0
GEN_SLICE[31].u_fir_slice/mult_32/FS_1
                                     666.2400      0.2     666.2400      0.0000  0.0000  dsp_slice_39_DW01_add_1
GEN_SLICE[32].u_fir_slice           3937.9200      1.4      46.0800    921.6000  0.0000  dsp_slice_38
GEN_SLICE[32].u_fir_slice/add_33     476.1600      0.2     476.1600      0.0000  0.0000  dsp_slice_38_DW01_add_0
GEN_SLICE[32].u_fir_slice/mult_32   2494.0800      0.9    1827.8400      0.0000  0.0000  dsp_slice_38_DW02_mult_0
GEN_SLICE[32].u_fir_slice/mult_32/FS_1
                                     666.2400      0.2     666.2400      0.0000  0.0000  dsp_slice_38_DW01_add_1
GEN_SLICE[33].u_fir_slice           3962.8800      1.4      49.9200    921.6000  0.0000  dsp_slice_37
GEN_SLICE[33].u_fir_slice/add_33     476.1600      0.2     476.1600      0.0000  0.0000  dsp_slice_37_DW01_add_0
GEN_SLICE[33].u_fir_slice/mult_32   2515.2000      0.9    1848.9600      0.0000  0.0000  dsp_slice_37_DW02_mult_0
GEN_SLICE[33].u_fir_slice/mult_32/FS_1
                                     666.2400      0.2     666.2400      0.0000  0.0000  dsp_slice_37_DW01_add_1
GEN_SLICE[34].u_fir_slice           3937.9200      1.4      46.0800    921.6000  0.0000  dsp_slice_36
GEN_SLICE[34].u_fir_slice/add_33     476.1600      0.2     476.1600      0.0000  0.0000  dsp_slice_36_DW01_add_0
GEN_SLICE[34].u_fir_slice/mult_32   2494.0800      0.9    1827.8400      0.0000  0.0000  dsp_slice_36_DW02_mult_0
GEN_SLICE[34].u_fir_slice/mult_32/FS_1
                                     666.2400      0.2     666.2400      0.0000  0.0000  dsp_slice_36_DW01_add_1
GEN_SLICE[35].u_fir_slice           3962.8800      1.4      49.9200    921.6000  0.0000  dsp_slice_35
GEN_SLICE[35].u_fir_slice/add_33     476.1600      0.2     476.1600      0.0000  0.0000  dsp_slice_35_DW01_add_0
GEN_SLICE[35].u_fir_slice/mult_32   2515.2000      0.9    1848.9600      0.0000  0.0000  dsp_slice_35_DW02_mult_0
GEN_SLICE[35].u_fir_slice/mult_32/FS_1
                                     666.2400      0.2     666.2400      0.0000  0.0000  dsp_slice_35_DW01_add_1
GEN_SLICE[36].u_fir_slice           3937.9200      1.4      46.0800    921.6000  0.0000  dsp_slice_34
GEN_SLICE[36].u_fir_slice/add_33     476.1600      0.2     476.1600      0.0000  0.0000  dsp_slice_34_DW01_add_0
GEN_SLICE[36].u_fir_slice/mult_32   2494.0800      0.9    1827.8400      0.0000  0.0000  dsp_slice_34_DW02_mult_0
GEN_SLICE[36].u_fir_slice/mult_32/FS_1
                                     666.2400      0.2     666.2400      0.0000  0.0000  dsp_slice_34_DW01_add_1
GEN_SLICE[37].u_fir_slice           3962.8800      1.4      49.9200    921.6000  0.0000  dsp_slice_33
GEN_SLICE[37].u_fir_slice/add_33     476.1600      0.2     476.1600      0.0000  0.0000  dsp_slice_33_DW01_add_0
GEN_SLICE[37].u_fir_slice/mult_32   2515.2000      0.9    1848.9600      0.0000  0.0000  dsp_slice_33_DW02_mult_0
GEN_SLICE[37].u_fir_slice/mult_32/FS_1
                                     666.2400      0.2     666.2400      0.0000  0.0000  dsp_slice_33_DW01_add_1
GEN_SLICE[38].u_fir_slice           3937.9200      1.4      46.0800    921.6000  0.0000  dsp_slice_32
GEN_SLICE[38].u_fir_slice/add_33     476.1600      0.2     476.1600      0.0000  0.0000  dsp_slice_32_DW01_add_0
GEN_SLICE[38].u_fir_slice/mult_32   2494.0800      0.9    1827.8400      0.0000  0.0000  dsp_slice_32_DW02_mult_0
GEN_SLICE[38].u_fir_slice/mult_32/FS_1
                                     666.2400      0.2     666.2400      0.0000  0.0000  dsp_slice_32_DW01_add_1
GEN_SLICE[39].u_fir_slice           3962.8800      1.4      49.9200    921.6000  0.0000  dsp_slice_31
GEN_SLICE[39].u_fir_slice/add_33     476.1600      0.2     476.1600      0.0000  0.0000  dsp_slice_31_DW01_add_0
GEN_SLICE[39].u_fir_slice/mult_32   2515.2000      0.9    1848.9600      0.0000  0.0000  dsp_slice_31_DW02_mult_0
GEN_SLICE[39].u_fir_slice/mult_32/FS_1
                                     666.2400      0.2     666.2400      0.0000  0.0000  dsp_slice_31_DW01_add_1
GEN_SLICE[3].u_fir_slice            3962.8800      1.4      49.9200    921.6000  0.0000  dsp_slice_67
GEN_SLICE[3].u_fir_slice/add_33      476.1600      0.2     476.1600      0.0000  0.0000  dsp_slice_67_DW01_add_0
GEN_SLICE[3].u_fir_slice/mult_32    2515.2000      0.9    1848.9600      0.0000  0.0000  dsp_slice_67_DW02_mult_0
GEN_SLICE[3].u_fir_slice/mult_32/FS_1
                                     666.2400      0.2     666.2400      0.0000  0.0000  dsp_slice_67_DW01_add_1
GEN_SLICE[40].u_fir_slice           3937.9200      1.4      46.0800    921.6000  0.0000  dsp_slice_30
GEN_SLICE[40].u_fir_slice/add_33     476.1600      0.2     476.1600      0.0000  0.0000  dsp_slice_30_DW01_add_0
GEN_SLICE[40].u_fir_slice/mult_32   2494.0800      0.9    1827.8400      0.0000  0.0000  dsp_slice_30_DW02_mult_0
GEN_SLICE[40].u_fir_slice/mult_32/FS_1
                                     666.2400      0.2     666.2400      0.0000  0.0000  dsp_slice_30_DW01_add_1
GEN_SLICE[41].u_fir_slice           3962.8800      1.4      49.9200    921.6000  0.0000  dsp_slice_29
GEN_SLICE[41].u_fir_slice/add_33     476.1600      0.2     476.1600      0.0000  0.0000  dsp_slice_29_DW01_add_0
GEN_SLICE[41].u_fir_slice/mult_32   2515.2000      0.9    1848.9600      0.0000  0.0000  dsp_slice_29_DW02_mult_0
GEN_SLICE[41].u_fir_slice/mult_32/FS_1
                                     666.2400      0.2     666.2400      0.0000  0.0000  dsp_slice_29_DW01_add_1
GEN_SLICE[42].u_fir_slice           3937.9200      1.4      46.0800    921.6000  0.0000  dsp_slice_28
GEN_SLICE[42].u_fir_slice/add_33     476.1600      0.2     476.1600      0.0000  0.0000  dsp_slice_28_DW01_add_0
GEN_SLICE[42].u_fir_slice/mult_32   2494.0800      0.9    1827.8400      0.0000  0.0000  dsp_slice_28_DW02_mult_0
GEN_SLICE[42].u_fir_slice/mult_32/FS_1
                                     666.2400      0.2     666.2400      0.0000  0.0000  dsp_slice_28_DW01_add_1
GEN_SLICE[43].u_fir_slice           3962.8800      1.4      49.9200    921.6000  0.0000  dsp_slice_27
GEN_SLICE[43].u_fir_slice/add_33     476.1600      0.2     476.1600      0.0000  0.0000  dsp_slice_27_DW01_add_0
GEN_SLICE[43].u_fir_slice/mult_32   2515.2000      0.9    1848.9600      0.0000  0.0000  dsp_slice_27_DW02_mult_0
GEN_SLICE[43].u_fir_slice/mult_32/FS_1
                                     666.2400      0.2     666.2400      0.0000  0.0000  dsp_slice_27_DW01_add_1
GEN_SLICE[44].u_fir_slice           3937.9200      1.4      46.0800    921.6000  0.0000  dsp_slice_26
GEN_SLICE[44].u_fir_slice/add_33     476.1600      0.2     476.1600      0.0000  0.0000  dsp_slice_26_DW01_add_0
GEN_SLICE[44].u_fir_slice/mult_32   2494.0800      0.9    1827.8400      0.0000  0.0000  dsp_slice_26_DW02_mult_0
GEN_SLICE[44].u_fir_slice/mult_32/FS_1
                                     666.2400      0.2     666.2400      0.0000  0.0000  dsp_slice_26_DW01_add_1
GEN_SLICE[45].u_fir_slice           3962.8800      1.4      49.9200    921.6000  0.0000  dsp_slice_25
GEN_SLICE[45].u_fir_slice/add_33     476.1600      0.2     476.1600      0.0000  0.0000  dsp_slice_25_DW01_add_0
GEN_SLICE[45].u_fir_slice/mult_32   2515.2000      0.9    1848.9600      0.0000  0.0000  dsp_slice_25_DW02_mult_0
GEN_SLICE[45].u_fir_slice/mult_32/FS_1
                                     666.2400      0.2     666.2400      0.0000  0.0000  dsp_slice_25_DW01_add_1
GEN_SLICE[46].u_fir_slice           3937.9200      1.4      46.0800    921.6000  0.0000  dsp_slice_24
GEN_SLICE[46].u_fir_slice/add_33     476.1600      0.2     476.1600      0.0000  0.0000  dsp_slice_24_DW01_add_0
GEN_SLICE[46].u_fir_slice/mult_32   2494.0800      0.9    1827.8400      0.0000  0.0000  dsp_slice_24_DW02_mult_0
GEN_SLICE[46].u_fir_slice/mult_32/FS_1
                                     666.2400      0.2     666.2400      0.0000  0.0000  dsp_slice_24_DW01_add_1
GEN_SLICE[47].u_fir_slice           3962.8800      1.4      49.9200    921.6000  0.0000  dsp_slice_23
GEN_SLICE[47].u_fir_slice/add_33     476.1600      0.2     476.1600      0.0000  0.0000  dsp_slice_23_DW01_add_0
GEN_SLICE[47].u_fir_slice/mult_32   2515.2000      0.9    1848.9600      0.0000  0.0000  dsp_slice_23_DW02_mult_0
GEN_SLICE[47].u_fir_slice/mult_32/FS_1
                                     666.2400      0.2     666.2400      0.0000  0.0000  dsp_slice_23_DW01_add_1
GEN_SLICE[48].u_fir_slice           3937.9200      1.4      46.0800    921.6000  0.0000  dsp_slice_22
GEN_SLICE[48].u_fir_slice/add_33     476.1600      0.2     476.1600      0.0000  0.0000  dsp_slice_22_DW01_add_0
GEN_SLICE[48].u_fir_slice/mult_32   2494.0800      0.9    1827.8400      0.0000  0.0000  dsp_slice_22_DW02_mult_0
GEN_SLICE[48].u_fir_slice/mult_32/FS_1
                                     666.2400      0.2     666.2400      0.0000  0.0000  dsp_slice_22_DW01_add_1
GEN_SLICE[49].u_fir_slice           3962.8800      1.4      49.9200    921.6000  0.0000  dsp_slice_21
GEN_SLICE[49].u_fir_slice/add_33     476.1600      0.2     476.1600      0.0000  0.0000  dsp_slice_21_DW01_add_0
GEN_SLICE[49].u_fir_slice/mult_32   2515.2000      0.9    1848.9600      0.0000  0.0000  dsp_slice_21_DW02_mult_0
GEN_SLICE[49].u_fir_slice/mult_32/FS_1
                                     666.2400      0.2     666.2400      0.0000  0.0000  dsp_slice_21_DW01_add_1
GEN_SLICE[4].u_fir_slice            3937.9200      1.4      46.0800    921.6000  0.0000  dsp_slice_66
GEN_SLICE[4].u_fir_slice/add_33      476.1600      0.2     476.1600      0.0000  0.0000  dsp_slice_66_DW01_add_0
GEN_SLICE[4].u_fir_slice/mult_32    2494.0800      0.9    1827.8400      0.0000  0.0000  dsp_slice_66_DW02_mult_0
GEN_SLICE[4].u_fir_slice/mult_32/FS_1
                                     666.2400      0.2     666.2400      0.0000  0.0000  dsp_slice_66_DW01_add_1
GEN_SLICE[50].u_fir_slice           3937.9200      1.4      46.0800    921.6000  0.0000  dsp_slice_20
GEN_SLICE[50].u_fir_slice/add_33     476.1600      0.2     476.1600      0.0000  0.0000  dsp_slice_20_DW01_add_0
GEN_SLICE[50].u_fir_slice/mult_32   2494.0800      0.9    1827.8400      0.0000  0.0000  dsp_slice_20_DW02_mult_0
GEN_SLICE[50].u_fir_slice/mult_32/FS_1
                                     666.2400      0.2     666.2400      0.0000  0.0000  dsp_slice_20_DW01_add_1
GEN_SLICE[51].u_fir_slice           3962.8800      1.4      49.9200    921.6000  0.0000  dsp_slice_19
GEN_SLICE[51].u_fir_slice/add_33     476.1600      0.2     476.1600      0.0000  0.0000  dsp_slice_19_DW01_add_0
GEN_SLICE[51].u_fir_slice/mult_32   2515.2000      0.9    1848.9600      0.0000  0.0000  dsp_slice_19_DW02_mult_0
GEN_SLICE[51].u_fir_slice/mult_32/FS_1
                                     666.2400      0.2     666.2400      0.0000  0.0000  dsp_slice_19_DW01_add_1
GEN_SLICE[52].u_fir_slice           3937.9200      1.4      46.0800    921.6000  0.0000  dsp_slice_18
GEN_SLICE[52].u_fir_slice/add_33     476.1600      0.2     476.1600      0.0000  0.0000  dsp_slice_18_DW01_add_0
GEN_SLICE[52].u_fir_slice/mult_32   2494.0800      0.9    1827.8400      0.0000  0.0000  dsp_slice_18_DW02_mult_0
GEN_SLICE[52].u_fir_slice/mult_32/FS_1
                                     666.2400      0.2     666.2400      0.0000  0.0000  dsp_slice_18_DW01_add_1
GEN_SLICE[53].u_fir_slice           3962.8800      1.4      49.9200    921.6000  0.0000  dsp_slice_17
GEN_SLICE[53].u_fir_slice/add_33     476.1600      0.2     476.1600      0.0000  0.0000  dsp_slice_17_DW01_add_0
GEN_SLICE[53].u_fir_slice/mult_32   2515.2000      0.9    1848.9600      0.0000  0.0000  dsp_slice_17_DW02_mult_0
GEN_SLICE[53].u_fir_slice/mult_32/FS_1
                                     666.2400      0.2     666.2400      0.0000  0.0000  dsp_slice_17_DW01_add_1
GEN_SLICE[54].u_fir_slice           3937.9200      1.4      46.0800    921.6000  0.0000  dsp_slice_16
GEN_SLICE[54].u_fir_slice/add_33     476.1600      0.2     476.1600      0.0000  0.0000  dsp_slice_16_DW01_add_0
GEN_SLICE[54].u_fir_slice/mult_32   2494.0800      0.9    1827.8400      0.0000  0.0000  dsp_slice_16_DW02_mult_0
GEN_SLICE[54].u_fir_slice/mult_32/FS_1
                                     666.2400      0.2     666.2400      0.0000  0.0000  dsp_slice_16_DW01_add_1
GEN_SLICE[55].u_fir_slice           3962.8800      1.4      49.9200    921.6000  0.0000  dsp_slice_15
GEN_SLICE[55].u_fir_slice/add_33     476.1600      0.2     476.1600      0.0000  0.0000  dsp_slice_15_DW01_add_0
GEN_SLICE[55].u_fir_slice/mult_32   2515.2000      0.9    1848.9600      0.0000  0.0000  dsp_slice_15_DW02_mult_0
GEN_SLICE[55].u_fir_slice/mult_32/FS_1
                                     666.2400      0.2     666.2400      0.0000  0.0000  dsp_slice_15_DW01_add_1
GEN_SLICE[56].u_fir_slice           3937.9200      1.4      46.0800    921.6000  0.0000  dsp_slice_14
GEN_SLICE[56].u_fir_slice/add_33     476.1600      0.2     476.1600      0.0000  0.0000  dsp_slice_14_DW01_add_0
GEN_SLICE[56].u_fir_slice/mult_32   2494.0800      0.9    1827.8400      0.0000  0.0000  dsp_slice_14_DW02_mult_0
GEN_SLICE[56].u_fir_slice/mult_32/FS_1
                                     666.2400      0.2     666.2400      0.0000  0.0000  dsp_slice_14_DW01_add_1
GEN_SLICE[57].u_fir_slice           3962.8800      1.4      49.9200    921.6000  0.0000  dsp_slice_13
GEN_SLICE[57].u_fir_slice/add_33     476.1600      0.2     476.1600      0.0000  0.0000  dsp_slice_13_DW01_add_0
GEN_SLICE[57].u_fir_slice/mult_32   2515.2000      0.9    1848.9600      0.0000  0.0000  dsp_slice_13_DW02_mult_0
GEN_SLICE[57].u_fir_slice/mult_32/FS_1
                                     666.2400      0.2     666.2400      0.0000  0.0000  dsp_slice_13_DW01_add_1
GEN_SLICE[58].u_fir_slice           3937.9200      1.4      46.0800    921.6000  0.0000  dsp_slice_12
GEN_SLICE[58].u_fir_slice/add_33     476.1600      0.2     476.1600      0.0000  0.0000  dsp_slice_12_DW01_add_0
GEN_SLICE[58].u_fir_slice/mult_32   2494.0800      0.9    1827.8400      0.0000  0.0000  dsp_slice_12_DW02_mult_0
GEN_SLICE[58].u_fir_slice/mult_32/FS_1
                                     666.2400      0.2     666.2400      0.0000  0.0000  dsp_slice_12_DW01_add_1
GEN_SLICE[59].u_fir_slice           3962.8800      1.4      49.9200    921.6000  0.0000  dsp_slice_11
GEN_SLICE[59].u_fir_slice/add_33     476.1600      0.2     476.1600      0.0000  0.0000  dsp_slice_11_DW01_add_0
GEN_SLICE[59].u_fir_slice/mult_32   2515.2000      0.9    1848.9600      0.0000  0.0000  dsp_slice_11_DW02_mult_0
GEN_SLICE[59].u_fir_slice/mult_32/FS_1
                                     666.2400      0.2     666.2400      0.0000  0.0000  dsp_slice_11_DW01_add_1
GEN_SLICE[5].u_fir_slice            3962.8800      1.4      49.9200    921.6000  0.0000  dsp_slice_65
GEN_SLICE[5].u_fir_slice/add_33      476.1600      0.2     476.1600      0.0000  0.0000  dsp_slice_65_DW01_add_0
GEN_SLICE[5].u_fir_slice/mult_32    2515.2000      0.9    1848.9600      0.0000  0.0000  dsp_slice_65_DW02_mult_0
GEN_SLICE[5].u_fir_slice/mult_32/FS_1
                                     666.2400      0.2     666.2400      0.0000  0.0000  dsp_slice_65_DW01_add_1
GEN_SLICE[60].u_fir_slice           3937.9200      1.4      46.0800    921.6000  0.0000  dsp_slice_10
GEN_SLICE[60].u_fir_slice/add_33     476.1600      0.2     476.1600      0.0000  0.0000  dsp_slice_10_DW01_add_0
GEN_SLICE[60].u_fir_slice/mult_32   2494.0800      0.9    1827.8400      0.0000  0.0000  dsp_slice_10_DW02_mult_0
GEN_SLICE[60].u_fir_slice/mult_32/FS_1
                                     666.2400      0.2     666.2400      0.0000  0.0000  dsp_slice_10_DW01_add_1
GEN_SLICE[61].u_fir_slice           3962.8800      1.4      49.9200    921.6000  0.0000  dsp_slice_9
GEN_SLICE[61].u_fir_slice/add_33     476.1600      0.2     476.1600      0.0000  0.0000  dsp_slice_9_DW01_add_0
GEN_SLICE[61].u_fir_slice/mult_32   2515.2000      0.9    1848.9600      0.0000  0.0000  dsp_slice_9_DW02_mult_0
GEN_SLICE[61].u_fir_slice/mult_32/FS_1
                                     666.2400      0.2     666.2400      0.0000  0.0000  dsp_slice_9_DW01_add_1
GEN_SLICE[62].u_fir_slice           3937.9200      1.4      46.0800    921.6000  0.0000  dsp_slice_8
GEN_SLICE[62].u_fir_slice/add_33     476.1600      0.2     476.1600      0.0000  0.0000  dsp_slice_8_DW01_add_0
GEN_SLICE[62].u_fir_slice/mult_32   2494.0800      0.9    1827.8400      0.0000  0.0000  dsp_slice_8_DW02_mult_0
GEN_SLICE[62].u_fir_slice/mult_32/FS_1
                                     666.2400      0.2     666.2400      0.0000  0.0000  dsp_slice_8_DW01_add_1
GEN_SLICE[63].u_fir_slice           3962.8800      1.4      49.9200    921.6000  0.0000  dsp_slice_7
GEN_SLICE[63].u_fir_slice/add_33     476.1600      0.2     476.1600      0.0000  0.0000  dsp_slice_7_DW01_add_0
GEN_SLICE[63].u_fir_slice/mult_32   2515.2000      0.9    1848.9600      0.0000  0.0000  dsp_slice_7_DW02_mult_0
GEN_SLICE[63].u_fir_slice/mult_32/FS_1
                                     666.2400      0.2     666.2400      0.0000  0.0000  dsp_slice_7_DW01_add_1
GEN_SLICE[64].u_fir_slice           3937.9200      1.4      46.0800    921.6000  0.0000  dsp_slice_6
GEN_SLICE[64].u_fir_slice/add_33     476.1600      0.2     476.1600      0.0000  0.0000  dsp_slice_6_DW01_add_0
GEN_SLICE[64].u_fir_slice/mult_32   2494.0800      0.9    1827.8400      0.0000  0.0000  dsp_slice_6_DW02_mult_0
GEN_SLICE[64].u_fir_slice/mult_32/FS_1
                                     666.2400      0.2     666.2400      0.0000  0.0000  dsp_slice_6_DW01_add_1
GEN_SLICE[65].u_fir_slice           3962.8800      1.4      49.9200    921.6000  0.0000  dsp_slice_5
GEN_SLICE[65].u_fir_slice/add_33     476.1600      0.2     476.1600      0.0000  0.0000  dsp_slice_5_DW01_add_0
GEN_SLICE[65].u_fir_slice/mult_32   2515.2000      0.9    1848.9600      0.0000  0.0000  dsp_slice_5_DW02_mult_0
GEN_SLICE[65].u_fir_slice/mult_32/FS_1
                                     666.2400      0.2     666.2400      0.0000  0.0000  dsp_slice_5_DW01_add_1
GEN_SLICE[66].u_fir_slice           3937.9200      1.4      46.0800    921.6000  0.0000  dsp_slice_4
GEN_SLICE[66].u_fir_slice/add_33     476.1600      0.2     476.1600      0.0000  0.0000  dsp_slice_4_DW01_add_0
GEN_SLICE[66].u_fir_slice/mult_32   2494.0800      0.9    1827.8400      0.0000  0.0000  dsp_slice_4_DW02_mult_0
GEN_SLICE[66].u_fir_slice/mult_32/FS_1
                                     666.2400      0.2     666.2400      0.0000  0.0000  dsp_slice_4_DW01_add_1
GEN_SLICE[67].u_fir_slice           3962.8800      1.4      49.9200    921.6000  0.0000  dsp_slice_3
GEN_SLICE[67].u_fir_slice/add_33     476.1600      0.2     476.1600      0.0000  0.0000  dsp_slice_3_DW01_add_0
GEN_SLICE[67].u_fir_slice/mult_32   2515.2000      0.9    1848.9600      0.0000  0.0000  dsp_slice_3_DW02_mult_0
GEN_SLICE[67].u_fir_slice/mult_32/FS_1
                                     666.2400      0.2     666.2400      0.0000  0.0000  dsp_slice_3_DW01_add_1
GEN_SLICE[68].u_fir_slice           3937.9200      1.4      46.0800    921.6000  0.0000  dsp_slice_2
GEN_SLICE[68].u_fir_slice/add_33     476.1600      0.2     476.1600      0.0000  0.0000  dsp_slice_2_DW01_add_0
GEN_SLICE[68].u_fir_slice/mult_32   2494.0800      0.9    1827.8400      0.0000  0.0000  dsp_slice_2_DW02_mult_0
GEN_SLICE[68].u_fir_slice/mult_32/FS_1
                                     666.2400      0.2     666.2400      0.0000  0.0000  dsp_slice_2_DW01_add_1
GEN_SLICE[69].u_fir_slice           3962.8800      1.4      49.9200    921.6000  0.0000  dsp_slice_1
GEN_SLICE[69].u_fir_slice/add_33     476.1600      0.2     476.1600      0.0000  0.0000  dsp_slice_1_DW01_add_0
GEN_SLICE[69].u_fir_slice/mult_32   2515.2000      0.9    1848.9600      0.0000  0.0000  dsp_slice_1_DW02_mult_0
GEN_SLICE[69].u_fir_slice/mult_32/FS_1
                                     666.2400      0.2     666.2400      0.0000  0.0000  dsp_slice_1_DW01_add_1
GEN_SLICE[6].u_fir_slice            3937.9200      1.4      46.0800    921.6000  0.0000  dsp_slice_64
GEN_SLICE[6].u_fir_slice/add_33      476.1600      0.2     476.1600      0.0000  0.0000  dsp_slice_64_DW01_add_0
GEN_SLICE[6].u_fir_slice/mult_32    2494.0800      0.9    1827.8400      0.0000  0.0000  dsp_slice_64_DW02_mult_0
GEN_SLICE[6].u_fir_slice/mult_32/FS_1
                                     666.2400      0.2     666.2400      0.0000  0.0000  dsp_slice_64_DW01_add_1
GEN_SLICE[70].u_fir_slice           4625.2800      1.6     689.2800    921.6000  0.0000  dsp_slice_0
GEN_SLICE[70].u_fir_slice/add_33     476.1600      0.2     476.1600      0.0000  0.0000  dsp_slice_0_DW01_add_0
GEN_SLICE[70].u_fir_slice/mult_32   2538.2400      0.9    1854.7200      0.0000  0.0000  dsp_slice_0_DW02_mult_0
GEN_SLICE[70].u_fir_slice/mult_32/FS_1
                                     683.5200      0.2     683.5200      0.0000  0.0000  dsp_slice_0_DW01_add_1
GEN_SLICE[7].u_fir_slice            3962.8800      1.4      49.9200    921.6000  0.0000  dsp_slice_63
GEN_SLICE[7].u_fir_slice/add_33      476.1600      0.2     476.1600      0.0000  0.0000  dsp_slice_63_DW01_add_0
GEN_SLICE[7].u_fir_slice/mult_32    2515.2000      0.9    1848.9600      0.0000  0.0000  dsp_slice_63_DW02_mult_0
GEN_SLICE[7].u_fir_slice/mult_32/FS_1
                                     666.2400      0.2     666.2400      0.0000  0.0000  dsp_slice_63_DW01_add_1
GEN_SLICE[8].u_fir_slice            3937.9200      1.4      46.0800    921.6000  0.0000  dsp_slice_62
GEN_SLICE[8].u_fir_slice/add_33      476.1600      0.2     476.1600      0.0000  0.0000  dsp_slice_62_DW01_add_0
GEN_SLICE[8].u_fir_slice/mult_32    2494.0800      0.9    1827.8400      0.0000  0.0000  dsp_slice_62_DW02_mult_0
GEN_SLICE[8].u_fir_slice/mult_32/FS_1
                                     666.2400      0.2     666.2400      0.0000  0.0000  dsp_slice_62_DW01_add_1
GEN_SLICE[9].u_fir_slice            3962.8800      1.4      49.9200    921.6000  0.0000  dsp_slice_61
GEN_SLICE[9].u_fir_slice/add_33      476.1600      0.2     476.1600      0.0000  0.0000  dsp_slice_61_DW01_add_0
GEN_SLICE[9].u_fir_slice/mult_32    2515.2000      0.9    1848.9600      0.0000  0.0000  dsp_slice_61_DW02_mult_0
GEN_SLICE[9].u_fir_slice/mult_32/FS_1
                                     666.2400      0.2     666.2400      0.0000  0.0000  dsp_slice_61_DW01_add_1
--------------------------------  -----------  -------  -----------  ----------  ------  ------------------------
Total                                                   215719.6814  65433.5983  0.0000

1
