 
****************************************
Report : area
Design : mult_ver
Version: O-2018.06-SP1
Date   : Wed Feb 19 20:19:02 2025
****************************************

Library(s) Used:

    IBM_CMOS8HP_SS125 (File: /apps/design_kits/ibm_kits/IBM_IP/ibm_cmos8hp/std_cell/sc/v.20110613/synopsys/ss_125/IBM_CMOS8HP_SS125.db)

Number of ports:                          223
Number of nets:                          1531
Number of cells:                         1147
Number of combinational cells:           1110
Number of sequential cells:                35
Number of macros/black boxes:               0
Number of buf/inv:                        501
Number of references:                       9

Combinational area:              18927.360122
Buf/Inv area:                     5543.040064
Noncombinational area:            1290.239990
Macro/Black Box area:                0.000000
Net Interconnect area:      undefined  (Wire load has zero net area)

Total cell area:                 20217.600112
Total area:                 undefined

Hierarchical area distribution
------------------------------

                                  Global cell area            Local cell area
                                  -------------------  ----------------------------- 
Hierarchical cell                 Absolute    Percent  Combi-      Noncombi-  Black-
                                  Total       Total    national    national   boxes   Design
--------------------------------  ----------  -------  ----------  ---------  ------  --------------------
mult_ver                          20217.6001    100.0   2087.0400  1290.2400  0.0000  mult_ver
mult_14                           16840.3201     83.3  14952.9601     0.0000  0.0000  mult_ver_DW02_mult_0
mult_14/FS_1                       1887.3600      9.3   1887.3600     0.0000  0.0000  mult_ver_DW01_add_1
--------------------------------  ----------  -------  ----------  ---------  ------  --------------------
Total                                                  18927.3601  1290.2400  0.0000

1
