 
****************************************
Report : area
Design : sample_storage
Version: O-2018.06-SP1
Date   : Thu Apr 24 19:47:00 2025
****************************************

Library(s) Used:

    IBM_CMOS8HP_SS125 (File: /apps/design_kits/ibm_kits/IBM_IP/ibm_cmos8hp/std_cell/sc/v.20110613/synopsys/ss_125/IBM_CMOS8HP_SS125.db)

Number of ports:                           34
Number of nets:                          6607
Number of cells:                         5540
Number of combinational cells:           4488
Number of sequential cells:              1052
Number of macros/black boxes:               0
Number of buf/inv:                       2069
Number of references:                      61

Combinational area:              58813.440570
Buf/Inv area:                    26325.120543
Noncombinational area:           30299.519197
Macro/Black Box area:                0.000000
Net Interconnect area:      undefined  (Wire load has zero net area)

Total cell area:                 89112.959767
Total area:                 undefined

Hierarchical area distribution
------------------------------

                                  Global cell area            Local cell area
                                  -------------------  ------------------------------ 
Hierarchical cell                 Absolute    Percent  Combi-      Noncombi-   Black-
                                  Total       Total    national    national    boxes   Design
--------------------------------  ----------  -------  ----------  ----------  ------  ---------
sample_storage                    89112.9598    100.0  58813.4406  30299.5192  0.0000  sample_storage
--------------------------------  ----------  -------  ----------  ----------  ------  ---------
Total                                                  58813.4406  30299.5192  0.0000

1
