 
****************************************
Report : area
Design : upsampler
Version: O-2018.06-SP1
Date   : Thu Apr 24 19:49:17 2025
****************************************

Library(s) Used:

    IBM_CMOS8HP_SS125 (File: /apps/design_kits/ibm_kits/IBM_IP/ibm_cmos8hp/std_cell/sc/v.20110613/synopsys/ss_125/IBM_CMOS8HP_SS125.db)

Number of ports:                           23
Number of nets:                           119
Number of cells:                           98
Number of combinational cells:             81
Number of sequential cells:                17
Number of macros/black boxes:               0
Number of buf/inv:                         40
Number of references:                      35

Combinational area:               1025.280005
Buf/Inv area:                      309.120009
Noncombinational area:             654.720009
Macro/Black Box area:                0.000000
Net Interconnect area:      undefined  (Wire load has zero net area)

Total cell area:                  1680.000013
Total area:                 undefined

Hierarchical area distribution
------------------------------

                                  Global cell area          Local cell area
                                  ------------------  ---------------------------- 
Hierarchical cell                 Absolute   Percent  Combi-     Noncombi-  Black-
                                  Total      Total    national   national   boxes   Design
--------------------------------  ---------  -------  ---------  ---------  ------  ---------
upsampler                         1680.0000    100.0  1025.2800   654.7200  0.0000  upsampler
--------------------------------  ---------  -------  ---------  ---------  ------  ---------
Total                                                 1025.2800   654.7200  0.0000

1
